<?xml version="1.0" encoding="UTF-8"?>
<testsuite name="CipHandlerTest" tests="1" skipped="0" failures="0" errors="0" timestamp="2020-06-14T07:55:38" hostname="Vishals-MacBook-Pro.local" time="0.831">
  <properties/>
  <testcase name="should check for Student()" classname="CipHandlerTest" time="0.831"/>
  <system-out><![CDATA[]]></system-out>
  <system-err><![CDATA[]]></system-err>
</testsuite>
